[INFO] Created project folder: Kennels_20852_2025-07-06
[INFO] Browser launched at 2025-07-06T04:01:59.502Z
[INFO] Scraping started for: Pet Services - Kennels in 20852 | Project folder: Kennels_20852_2025-07-06 | URL: https://www.yellowpages.com/search?search_terms=Kennels&geo_location_terms=20852&page=1
[INFO] Detected total pages: 6
[INFO] Scraping pages: 1, 2, 3, 4, 5, 6
[INFO] Page 3: Found 30 YP links
[INFO] Page 6: Found 20 YP links
[INFO] Page 5: Found 30 YP links
[INFO] Page 4: Found 30 YP links
[INFO] Page 2: Found 30 YP links
[INFO] Found new fields: businessName, businessNameAlt, phone, address, website, categories, directionsLink, reviewsSection, businessId, listing-cardSection, business-card_non-paid-listingSection, sales-infoSection, primary-infoSection, mobile-claimed-categorySection, categoriesSection, ratings_no-ratingsSection, rating-stars_zero__Section, time-infoSection, status-text_closed_nowSection, default-ctasSection, claim-listingSection, business-customizeSection, claim-ctaSection, aside-hoursSection, open-detailsSection, top-left-adSection, div-gpt-ad-1555711099765-0Section, google_ads_iframe_/53532708/ca-pub-3200418779552017-tag/YP_MIP_300_0__container__Section, cross-links_mobile-hide-show_mib-loaded_show-fullSection, view-more-btnSection, main-contentSection, main-sectionSection, business-details-asp_list-viewSection, endt-wrapper_topSection, top-endtblockSection, business-infoSection, gallerySection, gallery-headerSection, add-photosSection, be-the-firstSection, review-rating-fieldSection, add-review-greetingSection, rating-fieldSection, yp-reviews-containerSection, reviews-containerSection, details-cardSection, bottom-action-wrapperSection, icon-text-blockSection, view-btn-textSection, suggest-edit-blockSection, edit-business_uitl_view-icon-arrow-btnSection, bottom-asp_clearfixSection, endt-wrapper_bottomSection, bottom-endtblockSection
[INFO] Extracted: Animal Nannies of McLean (44 fields) from https://www.yellowpages.com/great-falls-va/mip/animal-nannies-of-mclean-475783851
[INFO] Found new fields: yearsInBusiness, amenities, reviewsLink, email, associations, reviews, reviewTitles, reviewResponses, claimedSection, ratingsSection, rating-stars_five__Section, additional-attributesSection, years-in-businessSection, countSection, labelSection, 16a09a40-22ec-0130-99a0-18a9053c171eSection, entry_clearfixSection, review-infoSection, review-datesSection, result-ratings_overallSection, rating-indicator_five___Section, rating-labelSection, review-responseSection, add-business-responseSection, review-actionsSection
[INFO] Extracted: Peaceable Kingdom Pet Sitters (70 fields) from https://www.yellowpages.com/mc-lean-va/mip/peaceable-kingdom-pet-sitters-8299222
[INFO] Found new fields: photos, photoCarousel, photoCollage, mediaThumbnails, collageSection, carouselSection, collage-itemSection
[INFO] Extracted: Oakton-Vienna Veterinary Hospital (63 fields) from https://www.yellowpages.com/vienna-va/mip/oakton-vienna-veterinary-hospital-22242563
[INFO] Extracted: Canine Clubhouse (54 fields) from https://www.yellowpages.com/bethesda-md/mip/canine-clubhouse-9285958
[INFO] Found new fields: amenitiesSection, amenities-infoSection
[INFO] Extracted: Fetch! Pet Care of Rockville-Gaithersburg (52 fields) from https://www.yellowpages.com/rockville-md/mip/fetch-pet-care-of-rockville-gaithersburg-495526060
[INFO] Page 1: Found 30 YP links
[INFO] Found new fields: yext-special-offerSection, content-attributionSection, prev_disabledSection, nextSection
[INFO] Extracted: Olde Towne Pet Resort (80 fields) from https://www.yellowpages.com/north-bethesda-md/mip/olde-towne-pet-resort-533041585
[INFO] Found new fields: uitlSection
[INFO] Extracted: The Board Hound (53 fields) from https://www.yellowpages.com/falls-church-va/mip/the-board-hound-514376613
[INFO] Extracted: Potomac Pet Sitters (55 fields) from https://www.yellowpages.com/potomac-md/mip/potomac-pet-sitters-462878805
[INFO] Extracted: Dogtopia (57 fields) from https://www.yellowpages.com/mc-lean-va/mip/dogtopia-475791405
[INFO] Extracted: Arlington Animal Hospital (61 fields) from https://www.yellowpages.com/arlington-va/mip/arlington-animal-hospital-3581387
[INFO] Found new fields: 374d5af0-33ae-012d-2664-001b7805f040Section, 21c41300-33ac-012d-9aa6-001b7805bc2aSection
[INFO] Extracted: Falls Road Veterinary Hospital (94 fields) from https://www.yellowpages.com/potomac-md/mip/falls-road-veterinary-hospital-3291674
[INFO] Extracted: Best Buddies Pet Service (58 fields) from https://www.yellowpages.com/rockville-md/mip/best-buddies-pet-service-465807905
[INFO] Extracted: Paradise for Pets (59 fields) from https://www.yellowpages.com/beltsville-md/mip/paradise-for-pets-535037507
[INFO] Extracted: Patrick's Pet Care - Columbia Heights (55 fields) from https://www.yellowpages.com/washington-dc/mip/patricks-pet-care-columbia-heights-535549370
[INFO] Found new fields: services, menu-links_servicesSection, wrapperSection, boxSection, title-price_price-text-ellipsisSection, item-description-blockSection, item-titleSection, item-descriptionSection, provided-bySection, c8f3ce4a-b456-4067-a693-0f4c7cd82960Section, bd21b580-dc53-0130-f594-00237da0c8c4Section, 49b65f50-7dec-012f-f1a8-00215aac254eSection, 2dfe6c90-e10e-0130-0adc-00237da0b83eSection, 10858374-5643-41f6-94e6-2787c43525d1Section, 6b1ea9d6-9928-4d96-a224-6c7e0e5871e2Section, 68cf32e0-6fe9-4dc9-8d2e-7df091695677Section, a2b6e03e-3d6e-4131-90d0-f227692132faSection, 3e63dae0-1e53-0131-683d-00215a4909acSection, 030d1980-0f3f-0131-443c-00215aa65c48Section, pagination-statsSection, paginationSection
[INFO] Extracted: Little Rascals Doggie Day Care & Boarding (195 fields) from https://www.yellowpages.com/washington-dc/mip/little-rascals-doggie-day-care-boarding-13665521
[INFO] Extracted: Capitol Pet Services, LLC (54 fields) from https://www.yellowpages.com/washington-dc/mip/capitol-pet-services-llc-525265443
[INFO] Extracted: Cats Meow Inc (55 fields) from https://www.yellowpages.com/arlington-va/mip/cats-meow-inc-497534510
[INFO] Found new fields: rating-stars_four_half_Section, bc34fb76-cd77-11dd-86b3-00215aa62c7c-384Section, 115d1bc6-3032-11dd-be55-001b78058052-706Section, rating-indicator_four___Section
[INFO] Extracted: Best Friends Pet Care (117 fields) from https://www.yellowpages.com/rockville-md/mip/best-friends-pet-care-471109464
[INFO] Extracted: Bark in Style (55 fields) from https://www.yellowpages.com/potomac-md/mip/bark-in-style-473965348
[INFO] Extracted: Dog Stay (57 fields) from https://www.yellowpages.com/silver-spring-md/mip/dog-stay-461527452
[INFO] Extracted: Alternative Pet Care (55 fields) from https://www.yellowpages.com/great-falls-va/mip/alternative-pet-care-470082780
[INFO] Extracted: Zoolatry (57 fields) from https://www.yellowpages.com/washington-dc/mip/zoolatry-4937128
[INFO] Extracted: Fisher Michele (55 fields) from https://www.yellowpages.com/falls-church-va/mip/fisher-michele-531746118
[INFO] Found new fields: contactLink
[INFO] Extracted: Dr Boyd's Veterinary Resort (86 fields) from https://www.yellowpages.com/rockville-md/mip/dr-boyds-veterinary-resort-538288952
[INFO] Found new fields: hours, status-text_open_24_hoursSection
[INFO] Extracted: Furbabies of Bethesda (59 fields) from https://www.yellowpages.com/potomac-md/mip/furbabies-of-bethesda-574989603
[INFO] Extracted: Pink Dog Collective (57 fields) from https://www.yellowpages.com/silver-spring-md/mip/pink-dog-collective-566574615
[INFO] Extracted: Dogtopia (59 fields) from https://www.yellowpages.com/vienna-va/mip/dogtopia-472898610
[INFO] Extracted: Cat Sitting By Susan (59 fields) from https://www.yellowpages.com/falls-church-va/mip/cat-sitting-by-susan-542973767
[INFO] Extracted: Ann's Quality Grooming & Boarding (90 fields) from https://www.yellowpages.com/rockville-md/mip/anns-quality-grooming-boarding-519860568
[INFO] Extracted: Baby Got Bark Pet Services, LLC (56 fields) from https://www.yellowpages.com/silver-spring-md/mip/baby-got-bark-pet-services-llc-533445458
[INFO] Extracted: Your Dog Smiles Pet Services (59 fields) from https://www.yellowpages.com/reston-va/mip/your-dog-smiles-pet-services-483328779
[INFO] Extracted: K9 Aquatic Center LLC (66 fields) from https://www.yellowpages.com/potomac-md/mip/k9-aquatic-center-llc-519726661
[INFO] Extracted: Cherrydale Veterinary Clinic (56 fields) from https://www.yellowpages.com/arlington-va/mip/cherrydale-veterinary-clinic-462246435
[INFO] Found new fields: actionsSection, rating-tab-containerSection, spacer-tabSection, ratings-logoSection
[INFO] Extracted: Roll'd (69 fields) from https://www.yellowpages.com/arlington-va/mip/rolld-542443280
[INFO] Extracted: Kenhaven Animal Hospital (63 fields) from https://www.yellowpages.com/rockville-md/mip/kenhaven-animal-hospital-6959538
[INFO] Extracted: Royal Pedigree Pet Care (57 fields) from https://www.yellowpages.com/chevy-chase-md/mip/royal-pedigree-pet-care-462543957
[INFO] Extracted: The Pet Elf (59 fields) from https://www.yellowpages.com/reston-va/mip/the-pet-elf-14496247
[INFO] Extracted: Trophy Dogs, LLC (63 fields) from https://www.yellowpages.com/west-mclean-va/mip/trophy-dogs-llc-23318859
[INFO] Extracted: The Little Rascals (57 fields) from https://www.yellowpages.com/washington-dc/mip/the-little-rascals-560238509
[INFO] Extracted: Playful Pack (63 fields) from https://www.yellowpages.com/washington-dc/mip/playful-pack-577240180
[INFO] Extracted: Dogtopia (59 fields) from https://www.yellowpages.com/north-bethesda-md/mip/dogtopia-538414904
[INFO] Found new fields: appointmentLink
[INFO] Extracted: Alpine Veterinary Hospital (61 fields) from https://www.yellowpages.com/cabin-john-md/mip/alpine-veterinary-hospital-2586354
[INFO] Extracted: Heritage Animal Hospital (92 fields) from https://www.yellowpages.com/sterling-va/mip/heritage-animal-hospital-2132049
[INFO] Found new fields: rating-stars_one__Section, 432ccf20-bede-012f-c00a-001f29ce2890Section, rating-indicator_one___Section
[INFO] Extracted: Time For A Walk (112 fields) from https://www.yellowpages.com/arlington-va/mip/time-for-a-walk-456528869
[INFO] Extracted: Invisible Fence (90 fields) from https://www.yellowpages.com/berwyn-heights-md/mip/invisible-fence-11640593
[INFO] Extracted: Montgomery Pet Sitters (61 fields) from https://www.yellowpages.com/nationwide/mip/montgomery-pet-sitters-458151157
[INFO] Extracted: Peace of Mind Pet Care Inc (58 fields) from https://www.yellowpages.com/silver-spring-md/mip/peace-of-mind-pet-care-inc-25387359
[INFO] Extracted: Altschuler, Cheryl S (60 fields) from https://www.yellowpages.com/bethesda-md/mip/altschuler-cheryl-s-497244654
[INFO] Extracted: Pinkie's Play Place (60 fields) from https://www.yellowpages.com/clarksville-md/mip/pinkies-play-place-533171983
[INFO] Extracted: Old Dominion Animal Health Center (67 fields) from https://www.yellowpages.com/mc-lean-va/mip/old-dominion-animal-health-center-14614053
[INFO] Extracted: Atlas Dog House (60 fields) from https://www.yellowpages.com/washington-dc/mip/atlas-dog-house-543378925
[INFO] Extracted: Pork Chop's Way (58 fields) from https://www.yellowpages.com/silver-spring-md/mip/pork-chops-way-468407762
[INFO] Extracted: A Doggie Day (60 fields) from https://www.yellowpages.com/gaithersburg-md/mip/a-doggie-day-563053707
[INFO] Extracted: iCare Canine Pet Services LLC (80 fields) from https://www.yellowpages.com/gaithersburg-md/mip/icare-canine-pet-services-llc-505486031
[INFO] Extracted: Cascades Pet Hospital (60 fields) from https://www.yellowpages.com/sterling-va/mip/cascades-pet-hospital-534767051
[INFO] Extracted: Animal Crackers TLC Pet Sitting (58 fields) from https://www.yellowpages.com/clarksville-md/mip/animal-crackers-tlc-pet-sitting-460822201
[INFO] Extracted: Annapolis Kennel Club Inc (58 fields) from https://www.yellowpages.com/bethesda-md/mip/annapolis-kennel-club-inc-25463416
[INFO] Found new fields: menu-links_productsSection
[INFO] Extracted: Always There Pet Care (63 fields) from https://www.yellowpages.com/gaithersburg-md/mip/always-there-pet-care-12110769
[INFO] Found new fields: socialMedia, 465dc74a-467c-4a07-8bf9-cf331df227edSection, 22d56840-a52a-0130-7729-00237da19532Section
[INFO] Extracted: Julie's Pooch Pad (121 fields) from https://www.yellowpages.com/vienna-va/mip/julies-pooch-pad-11850501
[INFO] Extracted: Kenwood Animal Hospital (61 fields) from https://www.yellowpages.com/bethesda-md/mip/kenwood-animal-hospital-7879782
[INFO] Extracted: Brenner Animal Hospital - Robert Brenner DVM (89 fields) from https://www.yellowpages.com/laurel-md/mip/brenner-animal-hospital-robert-brenner-dvm-479602171
[INFO] Extracted: Doe Eye (59 fields) from https://www.yellowpages.com/beltsville-md/mip/doe-eye-524593434
[INFO] Extracted: Sniffers Doggie Daycare (61 fields) from https://www.yellowpages.com/rockville-md/mip/sniffers-doggie-daycare-496821686
[INFO] Extracted: Linda's Dog Design (85 fields) from https://www.yellowpages.com/brookeville-md/mip/lindas-dog-design-16093805
[INFO] Extracted: Sit A Pet (61 fields) from https://www.yellowpages.com/arlington-va/mip/sit-a-pet-456804813
[INFO] Extracted: Parkway Village (61 fields) from https://www.yellowpages.com/laurel-md/mip/parkway-village-550323703
[INFO] Found new fields: f4ac0558-da57-488d-8c24-b2897e59ae08Section, result-ratings_additionalSection, rating-indicator_two___Section, 87b95359-8df1-46fb-8ba1-0358bf0ced69Section, 5ad96f60-5790-0130-b000-00237da0b87eSection, 4795C120-94F3-4067-D868-B5EA39A0282FSection, rating-indicator_three___Section, 8e6fad10-df48-012f-9ab7-18a9053c272aSection, 55e53cf0-d470-012f-5c6d-00237da0e874Section, ce9d22a0-af77-012f-9215-18a9053c171eSection, b90c2de0-af76-012f-e4fe-00237da0c8c4Section, 41841750-a5c6-012f-e95d-00237da31a56Section, f652ce70-a59c-012f-03af-001e0be96754Section
[INFO] Extracted: Pet Dominion (217 fields) from https://www.yellowpages.com/rockville-md/mip/pet-dominion-1268617
[INFO] Extracted: Lucky Dog (61 fields) from https://www.yellowpages.com/hyattsville-md/mip/lucky-dog-472845845
[INFO] Extracted: Rivermist Pet Lodge (69 fields) from https://www.yellowpages.com/brinklow-md/mip/rivermist-pet-lodge-481943268
[INFO] Found new fields: languages, 58128a30-0bee-0130-83a9-00237da31a8eSection, d81c9f00-0b47-0130-2050-00215aac254eSection, abe01df0-fd65-012f-7b56-00215aa6bc64Section, 47ad6450-fd57-012f-9375-00237da0c8c4Section, 192910d0-fd54-012f-93b2-00237da0e880Section, 8F0F6C7A-A7C8-4388-6D14-7F828E7EA4FASection
[INFO] Extracted: Bed n Biscuits (59 fields) from https://www.yellowpages.com/bethesda-md/mip/bed-n-biscuits-482231379
[INFO] Extracted: The Pet Spa at Barkley Square (172 fields) from https://www.yellowpages.com/falls-church-va/mip/the-pet-spa-at-barkley-square-460655231
[INFO] Extracted: Nova Cat Clinic (74 fields) from https://www.yellowpages.com/arlington-va/mip/nova-cat-clinic-475567709
[INFO] Extracted: Giving Tree Pet Resort (60 fields) from https://www.yellowpages.com/reston-va/mip/giving-tree-pet-resort-577528040
[INFO] Found new fields: rating-stars_two_half_Section, e67d8b4c-ce09-44c0-9d68-78cc519ede39Section, 0bbeab8b-c3ed-4df2-a197-7e1d22819fc6Section, 906f6732-6e47-4ed8-b922-a4492cd727c0Section
[INFO] Extracted: Ambassador Animal Hospital (106 fields) from https://www.yellowpages.com/silver-spring-md/mip/ambassador-animal-hospital-6100467
[INFO] Extracted: Alpha Group (62 fields) from https://www.yellowpages.com/silver-spring-md/mip/alpha-group-476056645
[INFO] Found new fields: c931212a-6c75-4ad7-9af5-c7f57dc3ae12Section, review-imagesSection, 8fa0b3d3-e36a-4786-b925-b7a529dc7a95Section, 8a555338-be65-11dd-8635-001b78052720-281Section, e2b6c1a8-b667-11dc-a9a6-001b7805384c-170Section
[INFO] Extracted: All Dogs Club (124 fields) from https://www.yellowpages.com/college-park-md/mip/all-dogs-club-2479560
[INFO] Found new fields: socialLinks, business-card_paid-listingSection, years-with-ypSection, 02172a8a-6305-44fe-87d0-7e179ae81967Section, bdbbda8b-f182-45a4-bd56-d0977e76be90Section
[INFO] Extracted: The Groomery (118 fields) from https://www.yellowpages.com/gaithersburg-md/mip/the-groomery-454846816?lid=1002151598528
[INFO] Found new fields: faa0b240-120c-012e-fc22-18a9053c2790Section
[INFO] Extracted: Kenilworth Animal Medical Center (80 fields) from https://www.yellowpages.com/riverdale-md/mip/kenilworth-animal-medical-center-14606489
[INFO] Extracted: Muddy Paws (63 fields) from https://www.yellowpages.com/washington-dc/mip/muddy-paws-503592340
[INFO] Extracted: Dogs and Cats (61 fields) from https://www.yellowpages.com/clarksville-md/mip/dogs-and-cats-532954697
[INFO] Found new fields: 68ef3895-f6ee-4b3f-9a9c-8373d141841fSection, 1b3a2f3b-0f7b-4140-8f28-518d7183d404Section
[INFO] Extracted: Holistic Veterinary Healing (90 fields) from https://www.yellowpages.com/germantown-md/mip/holistic-veterinary-healing-483328606
[INFO] Found new fields: rating-stars_four__Section, 3b0035b4-1799-48b0-a3c5-26e787fb5c53Section, 2723e70f-8973-4b3f-bc56-0a0388ab020aSection, 0e683e50-2f3a-012f-dd46-00237da0e874Section, 19210dc0-145c-012f-c3a8-00237da0e874Section, a1efa6c0-0f14-012f-c382-00237da0e874Section, fcf82850-efd4-012e-21d4-00215aa65c48Section, ac8a36f0-181e-012e-437d-18a9053c17baSection, e7f51490-105d-012e-78f0-00237da31a8eSection, 41024fd0-105d-012e-e905-18a9053c17baSection, 26db2c3e-56f8-11de-af0e-001b7805178a-573Section, claimed-responseSection, tooltip_hideSection, arrow_bottomSection
[INFO] Extracted: Gaithersburg Animal Hospital (203 fields) from https://www.yellowpages.com/gaithersburg-md/mip/gaithersburg-animal-hospital-7411934
[INFO] Extracted: Canine Design Inc (71 fields) from https://www.yellowpages.com/kensington-md/mip/canine-design-inc-12238342
[INFO] Extracted: Playful Pack (71 fields) from https://www.yellowpages.com/mclean-va/mip/playful-pack-561757678
[INFO] Extracted: Sundown Kennels (63 fields) from https://www.yellowpages.com/gaithersburg-md/mip/sundown-kennels-14608611
[INFO] Extracted: Woofs Dog Training Center (67 fields) from https://www.yellowpages.com/arlington-va/mip/woofs-dog-training-center-451429373
[INFO] Extracted: Paynter, Richard DVM (61 fields) from https://www.yellowpages.com/gaithersburg-md/mip/paynter-richard-dvm-497233833
[INFO] Found new fields: e85c785a-56ca-11de-a7e9-001b7805384c-524Section, e4fac6c8-51f0-11de-a77e-001b7805bc2a-956Section
[INFO] Extracted: Best Friends' Veterinary Hospital (124 fields) from https://www.yellowpages.com/gaithersburg-md/mip/best-friends-veterinary-hospital-453688213
[INFO] Extracted: Blue Dog Boarding and Daycare (70 fields) from https://www.yellowpages.com/kensington-md/mip/blue-dog-boarding-and-daycare-505201781
[INFO] Extracted: Pet Care with Perry (60 fields) from https://www.yellowpages.com/washington-dc/mip/pet-care-with-perry-576685828
[INFO] Extracted: Woofs Dog Training Center (67 fields) from https://www.yellowpages.com/arlington-va/mip/woofs-dog-training-center-11210141
[INFO] Found new fields: 29735fb0-aa6b-012e-4495-184be15f9bc8Section
[INFO] Extracted: A Dog's Day Out (89 fields) from https://www.yellowpages.com/vienna-va/mip/a-dogs-day-out-926943
[INFO] Found new fields: 768f6a00-9d7e-012d-7852-00237da19532Section
[INFO] Extracted: Takoma Park Animal Clinic (84 fields) from https://www.yellowpages.com/takoma-park-md/mip/takoma-park-animal-clinic-25370412
[INFO] Extracted: Germantown Veterinary Clinic (79 fields) from https://www.yellowpages.com/germantown-md/mip/germantown-veterinary-clinic-16978217
[INFO] Extracted: District Dogs (67 fields) from https://www.yellowpages.com/washington-dc/mip/district-dogs-531781889
[INFO] Extracted: Paws To Heal Veterinary Clinic (61 fields) from https://www.yellowpages.com/vienna-va/mip/paws-to-heal-veterinary-clinic-9900789
[INFO] Extracted: Clean Paws (61 fields) from https://www.yellowpages.com/sterling-va/mip/clean-paws-462497581
[INFO] Extracted: DogiZone (72 fields) from https://www.yellowpages.com/rockville-md/mip/dogizone-527907886
[INFO] Extracted: A Cat Clinic (92 fields) from https://www.yellowpages.com/boyds-md/mip/a-cat-clinic-8362008
[INFO] Extracted: Animal Nannies (61 fields) from https://www.yellowpages.com/great-falls-va/mip/animal-nannies-467829260
[INFO] Found new fields: e9eb1fd0-2527-012f-d85f-00237da029e0Section
[INFO] Extracted: Canine Performance (80 fields) from https://www.yellowpages.com/gaithersburg-md/mip/canine-performance-468028455
[INFO] Extracted: Pet Vac @ Home Inc (61 fields) from https://www.yellowpages.com/germantown-md/mip/pet-vac-home-inc-17201652
[INFO] Extracted: Doggie Day Spa (61 fields) from https://www.yellowpages.com/kensington-md/mip/doggie-day-spa-1166307
[INFO] Extracted: The Animal House (63 fields) from https://www.yellowpages.com/sterling-va/mip/the-animal-house-471099958
[INFO] Found new fields: 178a09ec-31fd-4569-ae15-2efb3af729c5Section, 0300b7c6-c426-4f35-8d6b-40ce3d0670deSection, e6db9893-8d89-445a-863f-04ba7fc48c67Section, 4089a120-4fa4-012f-69a6-18a9053c272aSection, 709edcf0-8a0c-012e-f290-00237da0b83eSection, e0d35838-fc6c-11dc-9fb7-001b78052720-102Section, 5efcbb52-e9f1-11dc-a4ba-001b782f054c-413Section
[INFO] Extracted: Sterling Park Animal Hospital (174 fields) from https://www.yellowpages.com/sterling-va/mip/sterling-park-animal-hospital-4053213
[INFO] Extracted: Fairy Tails (67 fields) from https://www.yellowpages.com/washington-dc/mip/fairy-tails-526829242
[INFO] Extracted: Marymont Animal Hospital Inc (63 fields) from https://www.yellowpages.com/silver-spring-md/mip/marymont-animal-hospital-inc-467334713
[INFO] Extracted: Zoolatry Dog Walking Service (70 fields) from https://www.yellowpages.com/washington-dc/mip/zoolatry-dog-walking-service-469334852
[INFO] Extracted: A Critter's Grooming & Board (67 fields) from https://www.yellowpages.com/rockville-md/mip/a-critters-grooming-board-2664205
[INFO] Extracted: From The Heart Doggie Daycare (67 fields) from https://www.yellowpages.com/laurel-md/mip/from-the-heart-doggie-daycare-465811328
[INFO] Found new fields: 347f8301-0720-482f-a0d1-72a82a680b69Section
[INFO] Extracted: Bear and Max's Pet Services LLC (82 fields) from https://www.yellowpages.com/college-park-md/mip/bear-and-maxs-pet-services-llc-25420454
[INFO] Extracted: RMK services (60 fields) from https://www.yellowpages.com/ashton-md/mip/rmk-services-13165965
[INFO] Extracted: Michelle's House (94 fields) from https://www.yellowpages.com/gaithersburg-md/mip/michelles-house-521806480
[INFO] Extracted: Dog-Ma Daycare For Dogs (70 fields) from https://www.yellowpages.com/washington-dc/mip/dog-ma-daycare-for-dogs-2191122
[INFO] Extracted: Sniffers Doggie Daycare (65 fields) from https://www.yellowpages.com/rockville-md/mip/sniffers-doggie-daycare-7658042
[INFO] Extracted: Sit-A-Pet (60 fields) from https://www.yellowpages.com/rockville-md/mip/sit-a-pet-537770473
[INFO] Found new fields: 44c39d50-3693-012d-f693-00215a4909acSection
[INFO] Extracted: Countryside Animal Clinic (86 fields) from https://www.yellowpages.com/sterling-va/mip/countryside-animal-clinic-459158299
[INFO] Found new fields: 257d5c70-feeb-0130-c59b-00237da0b87eSection
[INFO] Extracted: Pet Peeps (82 fields) from https://www.yellowpages.com/washington-dc/mip/pet-peeps-10390327
[INFO] Extracted: Seven Corners Kennel (56 fields) from https://www.yellowpages.com/falls-church-va/mip/seven-corners-kennel-6763728
[INFO] Extracted: Fuzzy Buddies Pet Service (63 fields) from https://www.yellowpages.com/olney-md/mip/fuzzy-buddies-pet-service-487546106
[INFO] Extracted: Canine Cut & Canine Care (65 fields) from https://www.yellowpages.com/kensington-md/mip/canine-cut-canine-care-450988578
[INFO] Extracted: G'day! Pet Care (64 fields) from https://www.yellowpages.com/bethesda-md/mip/gday-pet-care-478374316
[INFO] Extracted: Great Falls Boarding Kennels (63 fields) from https://www.yellowpages.com/mclean-va/mip/great-falls-boarding-kennels-12394358
[INFO] Found new fields: rating-stars_three__Section, d0212d90-1b36-012d-55c7-001b78052720Section, 110acbc0-7a12-012c-bdd8-00215aa6bc64Section
[INFO] Extracted: Great Falls Animal Hospital (115 fields) from https://www.yellowpages.com/great-falls-va/mip/great-falls-animal-hospital-465117037
[INFO] Extracted: Muddy Branch Veterinary Center (61 fields) from https://www.yellowpages.com/gaithersburg-md/mip/muddy-branch-veterinary-center-469152602
[INFO] Extracted: Pet Sitting By Patricia (61 fields) from https://www.yellowpages.com/bethesda-md/mip/pet-sitting-by-patricia-25394150
[INFO] Found new fields: listing-locationSection
[INFO] Extracted: Potomac Pet Retreat (61 fields) from https://www.yellowpages.com/damascus-md/mip/potomac-pet-retreat-506419300
[INFO] Extracted: Paradise For Pets (63 fields) from https://www.yellowpages.com/beltsville-md/mip/paradise-for-pets-22237871
[INFO] Found new fields: 4f2f6152-5f25-11de-904f-001b7805f040-440Section, f56db5b2-7342-11dc-a75b-001b782fb5dc-888Section
[INFO] Extracted: Seneca Hill Animal Hospital Resort & Spa (119 fields) from https://www.yellowpages.com/great-falls-va/mip/seneca-hill-animal-hospital-resort-spa-11309954
[INFO] Extracted: Victor Katz DVM (59 fields) from https://www.yellowpages.com/gaithersburg-md/mip/victor-katz-dvm-452518247
[INFO] Extracted: Fur Fins & Feathers Inc (63 fields) from https://www.yellowpages.com/rockville-md/mip/fur-fins-feathers-inc-537640807
[INFO] Extracted: Super Petsitting (64 fields) from https://www.yellowpages.com/nationwide/mip/super-petsitting-22330124
[INFO] Extracted: Pack Place K Nine (63 fields) from https://www.yellowpages.com/germantown-md/mip/pack-place-k-nine-526461570
[INFO] Extracted: Patrick's Pet Care (86 fields) from https://www.yellowpages.com/washington-dc/mip/patricks-pet-care-540958000
[INFO] Extracted: Pups & Pals Pet Care (63 fields) from https://www.yellowpages.com/gaithersburg-md/mip/pups-pals-pet-care-566341568
[INFO] Extracted: Playful Pack (88 fields) from https://www.yellowpages.com/rockville-md/mip/playful-pack-578659069
[INFO] Extracted: The K9 Class (63 fields) from https://www.yellowpages.com/kensington-md/mip/the-k9-class-578093845
[INFO] Extracted: Doggies Den (61 fields) from https://www.yellowpages.com/germantown-md/mip/doggies-den-520645079
[INFO] Extracted: Dogtopia (63 fields) from https://www.yellowpages.com/washington-dc/mip/dogtopia-560959671
[INFO] Extracted: Gaithersburg Petsitting (63 fields) from https://www.yellowpages.com/gaithersburg-md/mip/gaithersburg-petsitting-591940
[INFO] Extracted: Dogtopia of Bethesda (63 fields) from https://www.yellowpages.com/bethesda-md/mip/dogtopia-of-bethesda-573307410
[INFO] Extracted: A Walk in the Park (63 fields) from https://www.yellowpages.com/kensington-md/mip/a-walk-in-the-park-544961535
[INFO] Found new fields: 27a080fb-f9be-40b9-9b0d-201181d1680aSection
[INFO] Extracted: Fur Factory (91 fields) from https://www.yellowpages.com/reston-va/mip/fur-factory-12090883
[INFO] Extracted: Falls Church Animal Hospital (63 fields) from https://www.yellowpages.com/falls-church-va/mip/falls-church-animal-hospital-26724567
[INFO] Extracted: Your Dog's Best Friend (66 fields) from https://www.yellowpages.com/mc-lean-va/mip/your-dogs-best-friend-6150219
[INFO] Extracted: Aspen Hill Dog Care (63 fields) from https://www.yellowpages.com/silver-spring-md/mip/aspen-hill-dog-care-530228641
[INFO] Extracted: Blue Dog Boarding and Daycare Rockville (58 fields) from https://www.yellowpages.com/rockville-md/mip/blue-dog-boarding-and-daycare-rockville-475650412
[INFO] Found new fields: bdf52a78-01be-11de-a50b-001b7805f040-424Section
[INFO] Extracted: Valaries Animal Den (82 fields) from https://www.yellowpages.com/washington-dc/mip/valaries-animal-den-7951779
[INFO] Extracted: Pampered Poodles (68 fields) from https://www.yellowpages.com/silver-spring-md/mip/pampered-poodles-11518820
[INFO] Extracted: Waggy Walkys Pet Care (59 fields) from https://www.yellowpages.com/falls-church-va/mip/waggy-walkys-pet-care-469829259
[INFO] Extracted: Atlas Doghouse (63 fields) from https://www.yellowpages.com/bethesda-md/mip/atlas-doghouse-573339506
[INFO] Extracted: In Good Paws Petsitting (61 fields) from https://www.yellowpages.com/kensington-md/mip/in-good-paws-petsitting-20494820
[INFO] Extracted: Pukabear Pet Services (58 fields) from https://www.yellowpages.com/washington-dc/mip/pukabear-pet-services-504954251
[INFO] Extracted: Pet-Cetera (70 fields) from https://www.yellowpages.com/washington-dc/mip/pet-cetera-6944786
[INFO] Extracted: CRC Pet Service (59 fields) from https://www.yellowpages.com/falls-church-va/mip/crc-pet-service-529506817
[INFO] Extracted: Playful Pack (71 fields) from https://www.yellowpages.com/derwood-md/mip/playful-pack-571805414
[INFO] Found new fields: cf2d7c4b-ec5d-4b37-9faf-04908353b401Section, dc9c78fa-d144-11dd-828c-001e0be96754-644Section, 3c608f36-bced-11dd-90a2-001f29ce2890-772Section
[INFO] Extracted: Cleverdog Grooming Day Care & Boarding (137 fields) from https://www.yellowpages.com/silver-spring-md/mip/cleverdog-grooming-day-care-boarding-3817912
[INFO] Extracted: Playful Pack (67 fields) from https://www.yellowpages.com/arlington-va/mip/playful-pack-569369652
[INFO] Found new fields: bf53aaf0-03ad-012d-54a6-001b78052720Section
[INFO] Extracted: Happy Paws (91 fields) from https://www.yellowpages.com/washington-dc/mip/happy-paws-13791403
[INFO] Extracted: Lynn Animal Hospital (63 fields) from https://www.yellowpages.com/riverdale-md/mip/lynn-animal-hospital-15259205
[INFO] Extracted: Vicky's Pet Care Services (60 fields) from https://www.yellowpages.com/chevy-chase-md/mip/vickys-pet-care-services-521815676
[INFO] Extracted: Animal Nannies of McLean (63 fields) from https://www.yellowpages.com/great-falls-va/mip/animal-nannies-of-mclean-475783851
[INFO] Found new fields: 93660638-ada5-11dc-9577-001b7805f040-881Section
[INFO] Extracted: Layhill Animal Hospital (88 fields) from https://www.yellowpages.com/silver-spring-md/mip/layhill-animal-hospital-2053112
[INFO] Extracted: Arlington Petpals (65 fields) from https://www.yellowpages.com/arlington-va/mip/arlington-petpals-16971030
[INFO] Extracted: Colby's Dogcare and Spa (63 fields) from https://www.yellowpages.com/washington-dc/mip/colbys-dogcare-and-spa-563881755
[INFO] Extracted: Hounds Town (63 fields) from https://www.yellowpages.com/gaithersburg-md/mip/hounds-town-561767817
[INFO] Extracted: The Board Hound (61 fields) from https://www.yellowpages.com/falls-church-va/mip/the-board-hound-514376613
[INFO] Found new fields: 6e0c20e3-fb74-4318-bc13-f7958d53ab66Section
[INFO] Extracted: Fairland Animal Hospital (84 fields) from https://www.yellowpages.com/silver-spring-md/mip/fairland-animal-hospital-22238019
[INFO] Extracted: Feline Veterinary Clinic (63 fields) from https://www.yellowpages.com/falls-church-va/mip/feline-veterinary-clinic-4239206
[INFO] Extracted: Fetch Pet Care of Bethesda (58 fields) from https://www.yellowpages.com/chevy-chase-md/mip/fetch-pet-care-of-bethesda-483942834
[INFO] Progress saved: 170 businesses processed | File: progress_batch_1-6_170_businesses.csv
[INFO] Total scraped results: 170
[INFO] Final data saved to: final_results_170_businesses.csv
[INFO] Browser closed at 2025-07-06T04:03:37.416Z